[0.093s] DEBUG:colcon:Command line arguments: ['/usr/bin/colcon', 'build']
[0.093s] DEBUG:colcon:Parsed command line arguments: Namespace(allow_overriding=[], ament_cmake_args=None, base_paths=['.'], build_base='build', catkin_cmake_args=None, catkin_skip_building_tests=False, cmake_args=None, cmake_clean_cache=False, cmake_clean_first=False, cmake_force_configure=False, cmake_target=None, cmake_target_skip_unavailable=False, continue_on_error=False, event_handlers=None, executor='parallel', ignore_user_meta=False, install_base='install', log_base=None, log_level=None, main=<bound method BuildVerb.main of <colcon_core.verb.build.BuildVerb object at 0x7f71824e2ee0>>, merge_install=False, metas=['./colcon.meta'], mixin=None, mixin_files=None, mixin_verb=('build',), packages_above=None, packages_above_and_dependencies=None, packages_above_depth=None, packages_end=None, packages_ignore=None, packages_ignore_regex=None, packages_select=None, packages_select_build_failed=False, packages_select_by_dep=None, packages_select_regex=None, packages_select_test_failures=False, packages_skip=None, packages_skip_build_finished=False, packages_skip_by_dep=None, packages_skip_regex=None, packages_skip_test_passed=False, packages_skip_up_to=None, packages_start=None, packages_up_to=None, packages_up_to_regex=None, parallel_workers=24, paths=None, symlink_install=False, test_result_base=None, verb_extension=<colcon_core.verb.build.BuildVerb object at 0x7f71824e2ee0>, verb_name='build', verb_parser=<colcon_mixin.mixin.mixin_argument.MixinArgumentDecorator object at 0x7f71824eb940>)
[0.165s] Level 1:colcon.colcon_core.package_discovery:discover_packages(colcon_meta) check parameters
[0.165s] Level 1:colcon.colcon_core.package_discovery:discover_packages(recursive) check parameters
[0.165s] Level 1:colcon.colcon_core.package_discovery:discover_packages(ignore) check parameters
[0.165s] Level 1:colcon.colcon_core.package_discovery:discover_packages(path) check parameters
[0.165s] Level 1:colcon.colcon_core.package_discovery:discover_packages(colcon_meta) discover
[0.165s] Level 1:colcon.colcon_core.package_discovery:discover_packages(recursive) discover
[0.165s] INFO:colcon.colcon_core.package_discovery:Crawling recursively for packages in '/home/easz/articubot_one'
[0.165s] Level 1:colcon.colcon_core.package_identification:_identify(.) by extensions ['ignore', 'ignore_ament_install']
[0.165s] Level 1:colcon.colcon_core.package_identification:_identify(.) by extension 'ignore'
[0.165s] Level 1:colcon.colcon_core.package_identification:_identify(.) by extension 'ignore_ament_install'
[0.165s] Level 1:colcon.colcon_core.package_identification:_identify(.) by extensions ['colcon_pkg']
[0.165s] Level 1:colcon.colcon_core.package_identification:_identify(.) by extension 'colcon_pkg'
[0.165s] Level 1:colcon.colcon_core.package_identification:_identify(.) by extensions ['colcon_meta']
[0.165s] Level 1:colcon.colcon_core.package_identification:_identify(.) by extension 'colcon_meta'
[0.165s] Level 1:colcon.colcon_core.package_identification:_identify(.) by extensions ['ros']
[0.165s] Level 1:colcon.colcon_core.package_identification:_identify(.) by extension 'ros'
[0.171s] DEBUG:colcon.colcon_core.package_identification:Package '.' with type 'ros.ament_cmake' and name 'articubot_one'
[0.171s] Level 1:colcon.colcon_core.package_discovery:discover_packages(recursive) using defaults
[0.171s] Level 1:colcon.colcon_core.package_discovery:discover_packages(ignore) discover
[0.171s] Level 1:colcon.colcon_core.package_discovery:discover_packages(ignore) using defaults
[0.171s] Level 1:colcon.colcon_core.package_discovery:discover_packages(path) discover
[0.171s] Level 1:colcon.colcon_core.package_discovery:discover_packages(path) using defaults
[0.183s] Level 1:colcon.colcon_core.package_discovery:discover_packages(prefix_path) check parameters
[0.183s] Level 1:colcon.colcon_core.package_discovery:discover_packages(prefix_path) discover
[0.183s] DEBUG:colcon.colcon_installed_package_information.package_discovery:Found 1 installed packages in /home/easz/articubot_one/install
[0.184s] DEBUG:colcon.colcon_installed_package_information.package_discovery:Found 289 installed packages in /opt/ros/foxy
[0.185s] Level 1:colcon.colcon_core.package_discovery:discover_packages(prefix_path) using defaults
[0.208s] Level 5:colcon.colcon_core.verb:set package 'articubot_one' build argument 'cmake_args' from command line to 'None'
[0.208s] Level 5:colcon.colcon_core.verb:set package 'articubot_one' build argument 'cmake_target' from command line to 'None'
[0.208s] Level 5:colcon.colcon_core.verb:set package 'articubot_one' build argument 'cmake_target_skip_unavailable' from command line to 'False'
[0.208s] Level 5:colcon.colcon_core.verb:set package 'articubot_one' build argument 'cmake_clean_cache' from command line to 'False'
[0.208s] Level 5:colcon.colcon_core.verb:set package 'articubot_one' build argument 'cmake_clean_first' from command line to 'False'
[0.208s] Level 5:colcon.colcon_core.verb:set package 'articubot_one' build argument 'cmake_force_configure' from command line to 'False'
[0.208s] Level 5:colcon.colcon_core.verb:set package 'articubot_one' build argument 'ament_cmake_args' from command line to 'None'
[0.208s] Level 5:colcon.colcon_core.verb:set package 'articubot_one' build argument 'catkin_cmake_args' from command line to 'None'
[0.208s] Level 5:colcon.colcon_core.verb:set package 'articubot_one' build argument 'catkin_skip_building_tests' from command line to 'False'
[0.208s] DEBUG:colcon.colcon_core.verb:Building package 'articubot_one' with the following arguments: {'ament_cmake_args': None, 'build_base': '/home/easz/articubot_one/build/articubot_one', 'catkin_cmake_args': None, 'catkin_skip_building_tests': False, 'cmake_args': None, 'cmake_clean_cache': False, 'cmake_clean_first': False, 'cmake_force_configure': False, 'cmake_target': None, 'cmake_target_skip_unavailable': False, 'install_base': '/home/easz/articubot_one/install/articubot_one', 'merge_install': False, 'path': '/home/easz/articubot_one', 'symlink_install': False, 'test_result_base': None}
[0.208s] INFO:colcon.colcon_core.executor:Executing jobs using 'parallel' executor
[0.208s] DEBUG:colcon.colcon_parallel_executor.executor.parallel:run_until_complete
[0.208s] INFO:colcon.colcon_ros.task.ament_cmake.build:Building ROS package in '/home/easz/articubot_one' with build type 'ament_cmake'
[0.208s] INFO:colcon.colcon_cmake.task.cmake.build:Building CMake package in '/home/easz/articubot_one'
[0.209s] INFO:colcon.colcon_core.plugin_system:Skipping extension 'colcon_core.shell.bat': Not used on non-Windows systems
[0.209s] INFO:colcon.colcon_core.shell:Skip shell extension 'powershell' for command environment: Not usable outside of PowerShell
[0.209s] DEBUG:colcon.colcon_core.shell:Skip shell extension 'dsv' for command environment
[0.210s] DEBUG:colcon.colcon_core.shell:Ignoring prefix path '/home/easz/catkin_ws/devel'
[0.210s] DEBUG:colcon.colcon_core.shell:Ignoring prefix path '/opt/ros/noetic'
[0.215s] DEBUG:colcon.colcon_core.event_handler.log_command:Invoking command in '/home/easz/articubot_one/build/articubot_one': CMAKE_PREFIX_PATH=/home/easz/articubot_one/install/articubot_one:/opt/ros/foxy:/home/easz/catkin_ws/devel:/opt/ros/noetic /usr/bin/cmake --build /home/easz/articubot_one/build/articubot_one -- -j24 -l24
[0.231s] DEBUG:colcon.colcon_core.event_handler.log_command:Invoked command in '/home/easz/articubot_one/build/articubot_one' returned '0': CMAKE_PREFIX_PATH=/home/easz/articubot_one/install/articubot_one:/opt/ros/foxy:/home/easz/catkin_ws/devel:/opt/ros/noetic /usr/bin/cmake --build /home/easz/articubot_one/build/articubot_one -- -j24 -l24
[0.246s] DEBUG:colcon.colcon_core.event_handler.log_command:Invoking command in '/home/easz/articubot_one/build/articubot_one': CMAKE_PREFIX_PATH=/home/easz/articubot_one/install/articubot_one:/opt/ros/foxy:/home/easz/catkin_ws/devel:/opt/ros/noetic /usr/bin/cmake --install /home/easz/articubot_one/build/articubot_one
[0.253s] Level 1:colcon.colcon_core.environment:create_environment_scripts_only(articubot_one)
[0.253s] DEBUG:colcon.colcon_core.event_handler.log_command:Invoked command in '/home/easz/articubot_one/build/articubot_one' returned '0': CMAKE_PREFIX_PATH=/home/easz/articubot_one/install/articubot_one:/opt/ros/foxy:/home/easz/catkin_ws/devel:/opt/ros/noetic /usr/bin/cmake --install /home/easz/articubot_one/build/articubot_one
[0.254s] Level 1:colcon.colcon_core.environment:checking '/home/easz/articubot_one/install/articubot_one' for CMake module files
[0.255s] Level 1:colcon.colcon_core.environment:checking '/home/easz/articubot_one/install/articubot_one' for CMake config files
[0.255s] Level 1:colcon.colcon_core.shell:create_environment_hook('articubot_one', 'cmake_prefix_path')
[0.255s] INFO:colcon.colcon_core.shell:Creating environment hook '/home/easz/articubot_one/install/articubot_one/share/articubot_one/hook/cmake_prefix_path.ps1'
[0.255s] INFO:colcon.colcon_core.shell:Creating environment descriptor '/home/easz/articubot_one/install/articubot_one/share/articubot_one/hook/cmake_prefix_path.dsv'
[0.255s] INFO:colcon.colcon_core.shell:Creating environment hook '/home/easz/articubot_one/install/articubot_one/share/articubot_one/hook/cmake_prefix_path.sh'
[0.256s] Level 1:colcon.colcon_core.environment:checking '/home/easz/articubot_one/install/articubot_one/bin'
[0.256s] Level 1:colcon.colcon_core.environment:checking '/home/easz/articubot_one/install/articubot_one/lib/pkgconfig/articubot_one.pc'
[0.256s] Level 1:colcon.colcon_core.environment:checking '/home/easz/articubot_one/install/articubot_one/lib/python3.8/site-packages'
[0.256s] Level 1:colcon.colcon_core.environment:checking '/home/easz/articubot_one/install/articubot_one/bin'
[0.256s] INFO:colcon.colcon_core.shell:Creating package script '/home/easz/articubot_one/install/articubot_one/share/articubot_one/package.ps1'
[0.256s] INFO:colcon.colcon_core.shell:Creating package descriptor '/home/easz/articubot_one/install/articubot_one/share/articubot_one/package.dsv'
[0.256s] INFO:colcon.colcon_core.shell:Creating package script '/home/easz/articubot_one/install/articubot_one/share/articubot_one/package.sh'
[0.257s] INFO:colcon.colcon_core.shell:Creating package script '/home/easz/articubot_one/install/articubot_one/share/articubot_one/package.bash'
[0.257s] INFO:colcon.colcon_core.shell:Creating package script '/home/easz/articubot_one/install/articubot_one/share/articubot_one/package.zsh'
[0.257s] Level 1:colcon.colcon_core.environment:create_file_with_runtime_dependencies(/home/easz/articubot_one/install/articubot_one/share/colcon-core/packages/articubot_one)
[0.265s] Level 1:colcon.colcon_core.environment:create_environment_scripts_only(articubot_one)
[0.265s] Level 1:colcon.colcon_core.environment:checking '/home/easz/articubot_one/install/articubot_one' for CMake module files
[0.265s] Level 1:colcon.colcon_core.environment:checking '/home/easz/articubot_one/install/articubot_one' for CMake config files
[0.265s] Level 1:colcon.colcon_core.shell:create_environment_hook('articubot_one', 'cmake_prefix_path')
[0.266s] INFO:colcon.colcon_core.shell:Creating environment hook '/home/easz/articubot_one/install/articubot_one/share/articubot_one/hook/cmake_prefix_path.ps1'
[0.266s] INFO:colcon.colcon_core.shell:Creating environment descriptor '/home/easz/articubot_one/install/articubot_one/share/articubot_one/hook/cmake_prefix_path.dsv'
[0.266s] INFO:colcon.colcon_core.shell:Creating environment hook '/home/easz/articubot_one/install/articubot_one/share/articubot_one/hook/cmake_prefix_path.sh'
[0.266s] Level 1:colcon.colcon_core.environment:checking '/home/easz/articubot_one/install/articubot_one/bin'
[0.266s] Level 1:colcon.colcon_core.environment:checking '/home/easz/articubot_one/install/articubot_one/lib/pkgconfig/articubot_one.pc'
[0.266s] Level 1:colcon.colcon_core.environment:checking '/home/easz/articubot_one/install/articubot_one/lib/python3.8/site-packages'
[0.266s] Level 1:colcon.colcon_core.environment:checking '/home/easz/articubot_one/install/articubot_one/bin'
[0.266s] INFO:colcon.colcon_core.shell:Creating package script '/home/easz/articubot_one/install/articubot_one/share/articubot_one/package.ps1'
[0.267s] INFO:colcon.colcon_core.shell:Creating package descriptor '/home/easz/articubot_one/install/articubot_one/share/articubot_one/package.dsv'
[0.267s] INFO:colcon.colcon_core.shell:Creating package script '/home/easz/articubot_one/install/articubot_one/share/articubot_one/package.sh'
[0.267s] INFO:colcon.colcon_core.shell:Creating package script '/home/easz/articubot_one/install/articubot_one/share/articubot_one/package.bash'
[0.267s] INFO:colcon.colcon_core.shell:Creating package script '/home/easz/articubot_one/install/articubot_one/share/articubot_one/package.zsh'
[0.267s] Level 1:colcon.colcon_core.environment:create_file_with_runtime_dependencies(/home/easz/articubot_one/install/articubot_one/share/colcon-core/packages/articubot_one)
[0.267s] DEBUG:colcon.colcon_parallel_executor.executor.parallel:closing loop
[0.267s] DEBUG:colcon.colcon_parallel_executor.executor.parallel:loop closed
[0.267s] DEBUG:colcon.colcon_parallel_executor.executor.parallel:run_until_complete finished with '0'
[0.267s] DEBUG:colcon.colcon_core.event_reactor:joining thread
[0.270s] INFO:colcon.colcon_core.plugin_system:Skipping extension 'colcon_notification.desktop_notification.terminal_notifier': Not used on non-Darwin systems
[0.270s] INFO:colcon.colcon_core.plugin_system:Skipping extension 'colcon_notification.desktop_notification.win32': Not used on non-Windows systems
[0.270s] INFO:colcon.colcon_notification.desktop_notification:Sending desktop notification using 'notify2'
[0.276s] DEBUG:colcon.colcon_core.event_reactor:joined thread
[0.276s] INFO:colcon.colcon_core.shell:Creating prefix script '/home/easz/articubot_one/install/local_setup.ps1'
[0.277s] INFO:colcon.colcon_core.shell:Creating prefix util module '/home/easz/articubot_one/install/_local_setup_util_ps1.py'
[0.277s] INFO:colcon.colcon_core.shell:Creating prefix chain script '/home/easz/articubot_one/install/setup.ps1'
[0.278s] INFO:colcon.colcon_core.shell:Creating prefix script '/home/easz/articubot_one/install/local_setup.sh'
[0.278s] INFO:colcon.colcon_core.shell:Creating prefix util module '/home/easz/articubot_one/install/_local_setup_util_sh.py'
[0.278s] INFO:colcon.colcon_core.shell:Creating prefix chain script '/home/easz/articubot_one/install/setup.sh'
[0.279s] INFO:colcon.colcon_core.shell:Creating prefix script '/home/easz/articubot_one/install/local_setup.bash'
[0.279s] INFO:colcon.colcon_core.shell:Creating prefix chain script '/home/easz/articubot_one/install/setup.bash'
[0.280s] INFO:colcon.colcon_core.shell:Creating prefix script '/home/easz/articubot_one/install/local_setup.zsh'
[0.280s] INFO:colcon.colcon_core.shell:Creating prefix chain script '/home/easz/articubot_one/install/setup.zsh'
