[2.613s] DEBUG:colcon:Command line arguments: ['/usr/bin/colcon', 'build']
[2.613s] DEBUG:colcon:Parsed command line arguments: Namespace(allow_overriding=[], ament_cmake_args=None, base_paths=['.'], build_base='build', catkin_cmake_args=None, catkin_skip_building_tests=False, cmake_args=None, cmake_clean_cache=False, cmake_clean_first=False, cmake_force_configure=False, cmake_target=None, cmake_target_skip_unavailable=False, continue_on_error=False, event_handlers=None, executor='parallel', ignore_user_meta=False, install_base='install', log_base=None, log_level=None, main=<bound method BuildVerb.main of <colcon_core.verb.build.BuildVerb object at 0x7f093ec78160>>, merge_install=False, metas=['./colcon.meta'], mixin=None, mixin_files=None, mixin_verb=('build',), packages_above=None, packages_above_and_dependencies=None, packages_above_depth=None, packages_end=None, packages_ignore=None, packages_ignore_regex=None, packages_select=None, packages_select_build_failed=False, packages_select_by_dep=None, packages_select_regex=None, packages_select_test_failures=False, packages_skip=None, packages_skip_build_finished=False, packages_skip_by_dep=None, packages_skip_regex=None, packages_skip_test_passed=False, packages_skip_up_to=None, packages_start=None, packages_up_to=None, packages_up_to_regex=None, parallel_workers=24, paths=None, symlink_install=False, test_result_base=None, verb_extension=<colcon_core.verb.build.BuildVerb object at 0x7f093ec78160>, verb_name='build', verb_parser=<colcon_mixin.mixin.mixin_argument.MixinArgumentDecorator object at 0x7f093ebb66a0>)
[2.998s] Level 1:colcon.colcon_core.package_discovery:discover_packages(colcon_meta) check parameters
[2.998s] Level 1:colcon.colcon_core.package_discovery:discover_packages(recursive) check parameters
[2.998s] Level 1:colcon.colcon_core.package_discovery:discover_packages(ignore) check parameters
[2.999s] Level 1:colcon.colcon_core.package_discovery:discover_packages(path) check parameters
[2.999s] Level 1:colcon.colcon_core.package_discovery:discover_packages(colcon_meta) discover
[2.999s] Level 1:colcon.colcon_core.package_discovery:discover_packages(recursive) discover
[2.999s] INFO:colcon.colcon_core.package_discovery:Crawling recursively for packages in '/home/easz/articubot_one'
[2.999s] Level 1:colcon.colcon_core.package_identification:_identify(.) by extensions ['ignore', 'ignore_ament_install']
[2.999s] Level 1:colcon.colcon_core.package_identification:_identify(.) by extension 'ignore'
[2.999s] Level 1:colcon.colcon_core.package_identification:_identify(.) by extension 'ignore_ament_install'
[2.999s] Level 1:colcon.colcon_core.package_identification:_identify(.) by extensions ['colcon_pkg']
[2.999s] Level 1:colcon.colcon_core.package_identification:_identify(.) by extension 'colcon_pkg'
[3.000s] Level 1:colcon.colcon_core.package_identification:_identify(.) by extensions ['colcon_meta']
[3.000s] Level 1:colcon.colcon_core.package_identification:_identify(.) by extension 'colcon_meta'
[3.000s] Level 1:colcon.colcon_core.package_identification:_identify(.) by extensions ['ros']
[3.000s] Level 1:colcon.colcon_core.package_identification:_identify(.) by extension 'ros'
[3.015s] DEBUG:colcon.colcon_core.package_identification:Package '.' with type 'ros.ament_cmake' and name 'articubot_one'
[3.015s] Level 1:colcon.colcon_core.package_discovery:discover_packages(recursive) using defaults
[3.015s] Level 1:colcon.colcon_core.package_discovery:discover_packages(ignore) discover
[3.015s] Level 1:colcon.colcon_core.package_discovery:discover_packages(ignore) using defaults
[3.015s] Level 1:colcon.colcon_core.package_discovery:discover_packages(path) discover
[3.015s] Level 1:colcon.colcon_core.package_discovery:discover_packages(path) using defaults
[3.027s] Level 1:colcon.colcon_core.package_discovery:discover_packages(prefix_path) check parameters
[3.028s] Level 1:colcon.colcon_core.package_discovery:discover_packages(prefix_path) discover
[3.028s] DEBUG:colcon.colcon_installed_package_information.package_discovery:Found 256 installed packages in /opt/ros/foxy
[3.029s] Level 1:colcon.colcon_core.package_discovery:discover_packages(prefix_path) using defaults
[3.050s] Level 5:colcon.colcon_core.verb:set package 'articubot_one' build argument 'cmake_args' from command line to 'None'
[3.051s] Level 5:colcon.colcon_core.verb:set package 'articubot_one' build argument 'cmake_target' from command line to 'None'
[3.051s] Level 5:colcon.colcon_core.verb:set package 'articubot_one' build argument 'cmake_target_skip_unavailable' from command line to 'False'
[3.051s] Level 5:colcon.colcon_core.verb:set package 'articubot_one' build argument 'cmake_clean_cache' from command line to 'False'
[3.051s] Level 5:colcon.colcon_core.verb:set package 'articubot_one' build argument 'cmake_clean_first' from command line to 'False'
[3.051s] Level 5:colcon.colcon_core.verb:set package 'articubot_one' build argument 'cmake_force_configure' from command line to 'False'
[3.051s] Level 5:colcon.colcon_core.verb:set package 'articubot_one' build argument 'ament_cmake_args' from command line to 'None'
[3.051s] Level 5:colcon.colcon_core.verb:set package 'articubot_one' build argument 'catkin_cmake_args' from command line to 'None'
[3.051s] Level 5:colcon.colcon_core.verb:set package 'articubot_one' build argument 'catkin_skip_building_tests' from command line to 'False'
[3.051s] DEBUG:colcon.colcon_core.verb:Building package 'articubot_one' with the following arguments: {'ament_cmake_args': None, 'build_base': '/home/easz/articubot_one/build/articubot_one', 'catkin_cmake_args': None, 'catkin_skip_building_tests': False, 'cmake_args': None, 'cmake_clean_cache': False, 'cmake_clean_first': False, 'cmake_force_configure': False, 'cmake_target': None, 'cmake_target_skip_unavailable': False, 'install_base': '/home/easz/articubot_one/install/articubot_one', 'merge_install': False, 'path': '/home/easz/articubot_one', 'symlink_install': False, 'test_result_base': None}
[3.051s] INFO:colcon.colcon_core.executor:Executing jobs using 'parallel' executor
[3.051s] DEBUG:colcon.colcon_parallel_executor.executor.parallel:run_until_complete
[3.051s] INFO:colcon.colcon_ros.task.ament_cmake.build:Building ROS package in '/home/easz/articubot_one' with build type 'ament_cmake'
[3.051s] INFO:colcon.colcon_cmake.task.cmake.build:Building CMake package in '/home/easz/articubot_one'
[3.052s] INFO:colcon.colcon_core.plugin_system:Skipping extension 'colcon_core.shell.bat': Not used on non-Windows systems
[3.052s] INFO:colcon.colcon_core.shell:Skip shell extension 'powershell' for command environment: Not usable outside of PowerShell
[3.052s] DEBUG:colcon.colcon_core.shell:Skip shell extension 'dsv' for command environment
[3.053s] DEBUG:colcon.colcon_core.shell:Ignoring prefix path '/home/easz/catkin_ws/devel'
[3.053s] DEBUG:colcon.colcon_core.shell:Ignoring prefix path '/opt/ros/noetic'
[3.056s] DEBUG:colcon.colcon_core.event_handler.log_command:Invoking command in '/home/easz/articubot_one/build/articubot_one': CMAKE_PREFIX_PATH=/opt/ros/foxy:${CMAKE_PREFIX_PATH} /usr/bin/cmake /home/easz/articubot_one -DCMAKE_INSTALL_PREFIX=/home/easz/articubot_one/install/articubot_one
[3.499s] DEBUG:colcon.colcon_core.event_handler.log_command:Invoked command in '/home/easz/articubot_one/build/articubot_one' returned '0': CMAKE_PREFIX_PATH=/opt/ros/foxy:${CMAKE_PREFIX_PATH} /usr/bin/cmake /home/easz/articubot_one -DCMAKE_INSTALL_PREFIX=/home/easz/articubot_one/install/articubot_one
[3.501s] DEBUG:colcon.colcon_core.event_handler.log_command:Invoking command in '/home/easz/articubot_one/build/articubot_one': CMAKE_PREFIX_PATH=/opt/ros/foxy:${CMAKE_PREFIX_PATH} /usr/bin/cmake --build /home/easz/articubot_one/build/articubot_one -- -j24 -l24
[3.528s] DEBUG:colcon.colcon_core.event_handler.log_command:Invoked command in '/home/easz/articubot_one/build/articubot_one' returned '0': CMAKE_PREFIX_PATH=/opt/ros/foxy:${CMAKE_PREFIX_PATH} /usr/bin/cmake --build /home/easz/articubot_one/build/articubot_one -- -j24 -l24
[3.555s] DEBUG:colcon.colcon_core.event_handler.log_command:Invoking command in '/home/easz/articubot_one/build/articubot_one': CMAKE_PREFIX_PATH=/opt/ros/foxy:${CMAKE_PREFIX_PATH} /usr/bin/cmake --install /home/easz/articubot_one/build/articubot_one
[3.578s] Level 1:colcon.colcon_core.environment:create_environment_scripts_only(articubot_one)
[3.578s] DEBUG:colcon.colcon_core.event_handler.log_command:Invoked command in '/home/easz/articubot_one/build/articubot_one' returned '0': CMAKE_PREFIX_PATH=/opt/ros/foxy:${CMAKE_PREFIX_PATH} /usr/bin/cmake --install /home/easz/articubot_one/build/articubot_one
[3.583s] Level 1:colcon.colcon_core.environment:checking '/home/easz/articubot_one/install/articubot_one' for CMake module files
[3.584s] Level 1:colcon.colcon_core.environment:checking '/home/easz/articubot_one/install/articubot_one' for CMake config files
[3.585s] Level 1:colcon.colcon_core.shell:create_environment_hook('articubot_one', 'cmake_prefix_path')
[3.585s] INFO:colcon.colcon_core.shell:Creating environment hook '/home/easz/articubot_one/install/articubot_one/share/articubot_one/hook/cmake_prefix_path.ps1'
[3.587s] INFO:colcon.colcon_core.shell:Creating environment descriptor '/home/easz/articubot_one/install/articubot_one/share/articubot_one/hook/cmake_prefix_path.dsv'
[3.587s] INFO:colcon.colcon_core.shell:Creating environment hook '/home/easz/articubot_one/install/articubot_one/share/articubot_one/hook/cmake_prefix_path.sh'
[3.589s] Level 1:colcon.colcon_core.environment:checking '/home/easz/articubot_one/install/articubot_one/bin'
[3.589s] Level 1:colcon.colcon_core.environment:checking '/home/easz/articubot_one/install/articubot_one/lib/pkgconfig/articubot_one.pc'
[3.589s] Level 1:colcon.colcon_core.environment:checking '/home/easz/articubot_one/install/articubot_one/lib/python3.8/site-packages'
[3.590s] Level 1:colcon.colcon_core.environment:checking '/home/easz/articubot_one/install/articubot_one/bin'
[3.590s] INFO:colcon.colcon_core.shell:Creating package script '/home/easz/articubot_one/install/articubot_one/share/articubot_one/package.ps1'
[3.592s] INFO:colcon.colcon_core.shell:Creating package descriptor '/home/easz/articubot_one/install/articubot_one/share/articubot_one/package.dsv'
[3.593s] INFO:colcon.colcon_core.shell:Creating package script '/home/easz/articubot_one/install/articubot_one/share/articubot_one/package.sh'
[3.594s] INFO:colcon.colcon_core.shell:Creating package script '/home/easz/articubot_one/install/articubot_one/share/articubot_one/package.bash'
[3.595s] INFO:colcon.colcon_core.shell:Creating package script '/home/easz/articubot_one/install/articubot_one/share/articubot_one/package.zsh'
[3.596s] Level 1:colcon.colcon_core.environment:create_file_with_runtime_dependencies(/home/easz/articubot_one/install/articubot_one/share/colcon-core/packages/articubot_one)
[3.619s] Level 1:colcon.colcon_core.environment:create_environment_scripts_only(articubot_one)
[3.620s] Level 1:colcon.colcon_core.environment:checking '/home/easz/articubot_one/install/articubot_one' for CMake module files
[3.621s] Level 1:colcon.colcon_core.environment:checking '/home/easz/articubot_one/install/articubot_one' for CMake config files
[3.621s] Level 1:colcon.colcon_core.shell:create_environment_hook('articubot_one', 'cmake_prefix_path')
[3.621s] INFO:colcon.colcon_core.shell:Creating environment hook '/home/easz/articubot_one/install/articubot_one/share/articubot_one/hook/cmake_prefix_path.ps1'
[3.622s] INFO:colcon.colcon_core.shell:Creating environment descriptor '/home/easz/articubot_one/install/articubot_one/share/articubot_one/hook/cmake_prefix_path.dsv'
[3.622s] INFO:colcon.colcon_core.shell:Creating environment hook '/home/easz/articubot_one/install/articubot_one/share/articubot_one/hook/cmake_prefix_path.sh'
[3.623s] Level 1:colcon.colcon_core.environment:checking '/home/easz/articubot_one/install/articubot_one/bin'
[3.623s] Level 1:colcon.colcon_core.environment:checking '/home/easz/articubot_one/install/articubot_one/lib/pkgconfig/articubot_one.pc'
[3.624s] Level 1:colcon.colcon_core.environment:checking '/home/easz/articubot_one/install/articubot_one/lib/python3.8/site-packages'
[3.624s] Level 1:colcon.colcon_core.environment:checking '/home/easz/articubot_one/install/articubot_one/bin'
[3.625s] INFO:colcon.colcon_core.shell:Creating package script '/home/easz/articubot_one/install/articubot_one/share/articubot_one/package.ps1'
[3.626s] INFO:colcon.colcon_core.shell:Creating package descriptor '/home/easz/articubot_one/install/articubot_one/share/articubot_one/package.dsv'
[3.626s] INFO:colcon.colcon_core.shell:Creating package script '/home/easz/articubot_one/install/articubot_one/share/articubot_one/package.sh'
[3.627s] INFO:colcon.colcon_core.shell:Creating package script '/home/easz/articubot_one/install/articubot_one/share/articubot_one/package.bash'
[3.628s] INFO:colcon.colcon_core.shell:Creating package script '/home/easz/articubot_one/install/articubot_one/share/articubot_one/package.zsh'
[3.628s] Level 1:colcon.colcon_core.environment:create_file_with_runtime_dependencies(/home/easz/articubot_one/install/articubot_one/share/colcon-core/packages/articubot_one)
[3.629s] DEBUG:colcon.colcon_parallel_executor.executor.parallel:closing loop
[3.629s] DEBUG:colcon.colcon_parallel_executor.executor.parallel:loop closed
[3.629s] DEBUG:colcon.colcon_parallel_executor.executor.parallel:run_until_complete finished with '0'
[3.629s] DEBUG:colcon.colcon_core.event_reactor:joining thread
[3.641s] INFO:colcon.colcon_core.plugin_system:Skipping extension 'colcon_notification.desktop_notification.terminal_notifier': Not used on non-Darwin systems
[3.641s] INFO:colcon.colcon_core.plugin_system:Skipping extension 'colcon_notification.desktop_notification.win32': Not used on non-Windows systems
[3.641s] INFO:colcon.colcon_notification.desktop_notification:Sending desktop notification using 'notify2'
[3.683s] DEBUG:colcon.colcon_core.event_reactor:joined thread
[3.684s] INFO:colcon.colcon_core.shell:Creating prefix script '/home/easz/articubot_one/install/local_setup.ps1'
[3.685s] INFO:colcon.colcon_core.shell:Creating prefix util module '/home/easz/articubot_one/install/_local_setup_util_ps1.py'
[3.687s] INFO:colcon.colcon_core.shell:Creating prefix chain script '/home/easz/articubot_one/install/setup.ps1'
[3.688s] INFO:colcon.colcon_core.shell:Creating prefix script '/home/easz/articubot_one/install/local_setup.sh'
[3.688s] INFO:colcon.colcon_core.shell:Creating prefix util module '/home/easz/articubot_one/install/_local_setup_util_sh.py'
[3.689s] INFO:colcon.colcon_core.shell:Creating prefix chain script '/home/easz/articubot_one/install/setup.sh'
[3.690s] INFO:colcon.colcon_core.shell:Creating prefix script '/home/easz/articubot_one/install/local_setup.bash'
[3.690s] INFO:colcon.colcon_core.shell:Creating prefix chain script '/home/easz/articubot_one/install/setup.bash'
[3.691s] INFO:colcon.colcon_core.shell:Creating prefix script '/home/easz/articubot_one/install/local_setup.zsh'
[3.691s] INFO:colcon.colcon_core.shell:Creating prefix chain script '/home/easz/articubot_one/install/setup.zsh'
