[0.006s] Invoking command in '/home/easz/articubot_one/build/articubot_one': CMAKE_PREFIX_PATH=/home/easz/articubot_one/install/articubot_one:/opt/ros/foxy:/opt/ros/noetic CONDA_PROMPT_MODIFIER=(intel) /usr/bin/cmake /home/easz/articubot_one -DAMENT_CMAKE_SYMLINK_INSTALL=1 -DCMAKE_INSTALL_PREFIX=/home/easz/articubot_one/install/articubot_one
[0.115s] -- Found ament_cmake: 0.9.12 (/opt/ros/foxy/share/ament_cmake/cmake)
[0.200s] -- Using PYTHON_EXECUTABLE: /usr/bin/python3
[0.344s] -- Override CMake install command with custom implementation using symlinks instead of copying resources
[0.427s] -- Found ament_lint_auto: 0.9.8 (/opt/ros/foxy/share/ament_lint_auto/cmake)
[0.598s] -- Added test 'copyright' to check source files copyright and LICENSE
[0.622s] -- Added test 'cppcheck' to perform static code analysis on C / C++ code
[0.622s] -- Configured cppcheck include dirs: 
[0.622s] -- Configured cppcheck exclude dirs and/or files: 
[0.636s] -- Added test 'cpplint' to check C / C++ code against the Google style
[0.636s] -- Configured cpplint exclude dirs and/or files: 
[0.638s] -- Added test 'flake8' to check Python code syntax and style conventions
[0.642s] -- Added test 'lint_cmake' to check CMake code style
[0.644s] -- Added test 'pep257' to check Python code against some of the style conventions in PEP 257
[0.658s] -- Added test 'uncrustify' to check C / C++ code style
[0.658s] -- Configured uncrustify additional arguments: 
[0.660s] -- Added test 'xmllint' to check XML markup files
[0.662s] -- Configuring done
[0.686s] -- Generating done
[0.687s] -- Build files have been written to: /home/easz/articubot_one/build/articubot_one
[0.689s] Invoked command in '/home/easz/articubot_one/build/articubot_one' returned '0': CMAKE_PREFIX_PATH=/home/easz/articubot_one/install/articubot_one:/opt/ros/foxy:/opt/ros/noetic CONDA_PROMPT_MODIFIER=(intel) /usr/bin/cmake /home/easz/articubot_one -DAMENT_CMAKE_SYMLINK_INSTALL=1 -DCMAKE_INSTALL_PREFIX=/home/easz/articubot_one/install/articubot_one
[0.690s] Invoking command in '/home/easz/articubot_one/build/articubot_one': CMAKE_PREFIX_PATH=/home/easz/articubot_one/install/articubot_one:/opt/ros/foxy:/opt/ros/noetic CONDA_PROMPT_MODIFIER=(intel) /usr/bin/cmake --build /home/easz/articubot_one/build/articubot_one -- -j24 -l24
[0.711s] Invoked command in '/home/easz/articubot_one/build/articubot_one' returned '0': CMAKE_PREFIX_PATH=/home/easz/articubot_one/install/articubot_one:/opt/ros/foxy:/opt/ros/noetic CONDA_PROMPT_MODIFIER=(intel) /usr/bin/cmake --build /home/easz/articubot_one/build/articubot_one -- -j24 -l24
[0.729s] Invoking command in '/home/easz/articubot_one/build/articubot_one': CMAKE_PREFIX_PATH=/home/easz/articubot_one/install/articubot_one:/opt/ros/foxy:/opt/ros/noetic CONDA_PROMPT_MODIFIER=(intel) /usr/bin/cmake --install /home/easz/articubot_one/build/articubot_one
[0.735s] -- Install configuration: ""
[0.735s] -- Execute custom install script
[0.736s] -- Symlinking: /home/easz/articubot_one/install/articubot_one/share/articubot_one/config/ball_tracker_params_robot.yaml
[0.741s] -- Symlinking: /home/easz/articubot_one/install/articubot_one/share/articubot_one/config/ball_tracker_params_sim.yaml
[0.746s] -- Symlinking: /home/easz/articubot_one/install/articubot_one/share/articubot_one/config/drive_bot.rviz
[0.750s] -- Symlinking: /home/easz/articubot_one/install/articubot_one/share/articubot_one/config/empty.yaml
[0.754s] -- Symlinking: /home/easz/articubot_one/install/articubot_one/share/articubot_one/config/gaz_ros2_ctl_use_sim.yaml
[0.758s] -- Symlinking: /home/easz/articubot_one/install/articubot_one/share/articubot_one/config/gazebo_params.yaml
[0.761s] -- Symlinking: /home/easz/articubot_one/install/articubot_one/share/articubot_one/config/joystick.yaml
[0.765s] -- Symlinking: /home/easz/articubot_one/install/articubot_one/share/articubot_one/config/main.rviz
[0.768s] -- Symlinking: /home/easz/articubot_one/install/articubot_one/share/articubot_one/config/map.rviz
[0.772s] -- Symlinking: /home/easz/articubot_one/install/articubot_one/share/articubot_one/config/mapper_params_online_async.yaml
[0.776s] -- Symlinking: /home/easz/articubot_one/install/articubot_one/share/articubot_one/config/my_controllers.yaml
[0.780s] -- Symlinking: /home/easz/articubot_one/install/articubot_one/share/articubot_one/config/nav2_params.yaml
[0.783s] -- Symlinking: /home/easz/articubot_one/install/articubot_one/share/articubot_one/config/twist_mux.yaml
[0.787s] -- Symlinking: /home/easz/articubot_one/install/articubot_one/share/articubot_one/config/view_bot.rviz
[0.791s] -- Symlinking: /home/easz/articubot_one/install/articubot_one/share/articubot_one/description/camera.xacro
[0.794s] -- Symlinking: /home/easz/articubot_one/install/articubot_one/share/articubot_one/description/depth_camera.xacro
[0.798s] -- Symlinking: /home/easz/articubot_one/install/articubot_one/share/articubot_one/description/face.xacro
[0.801s] -- Symlinking: /home/easz/articubot_one/install/articubot_one/share/articubot_one/description/gazebo_control.xacro
[0.805s] -- Symlinking: /home/easz/articubot_one/install/articubot_one/share/articubot_one/description/inertial_macros.xacro
[0.808s] -- Symlinking: /home/easz/articubot_one/install/articubot_one/share/articubot_one/description/lidar.xacro
[0.812s] -- Symlinking: /home/easz/articubot_one/install/articubot_one/share/articubot_one/description/robot.urdf.xacro
[0.816s] -- Symlinking: /home/easz/articubot_one/install/articubot_one/share/articubot_one/description/robot_core.xacro
[0.820s] -- Symlinking: /home/easz/articubot_one/install/articubot_one/share/articubot_one/description/ros2_control.xacro
[0.823s] -- Symlinking: /home/easz/articubot_one/install/articubot_one/share/articubot_one/description/your_robot.urdf
[0.827s] -- Symlinking: /home/easz/articubot_one/install/articubot_one/share/articubot_one/launch/__pycache__/final_test_env.cpython-310.pyc
[0.831s] -- Symlinking: /home/easz/articubot_one/install/articubot_one/share/articubot_one/launch/__pycache__/final_test_env.cpython-38.pyc
[0.834s] -- Symlinking: /home/easz/articubot_one/install/articubot_one/share/articubot_one/launch/ball_tracker.launch.py
[0.838s] -- Symlinking: /home/easz/articubot_one/install/articubot_one/share/articubot_one/launch/camera.launch.py
[0.842s] -- Symlinking: /home/easz/articubot_one/install/articubot_one/share/articubot_one/launch/final_test_env.py
[0.845s] -- Symlinking: /home/easz/articubot_one/install/articubot_one/share/articubot_one/launch/joystick.launch.py
[0.849s] -- Symlinking: /home/easz/articubot_one/install/articubot_one/share/articubot_one/launch/launch_robot.launch.py
[0.853s] -- Symlinking: /home/easz/articubot_one/install/articubot_one/share/articubot_one/launch/launch_sim.launch.py
[0.857s] -- Symlinking: /home/easz/articubot_one/install/articubot_one/share/articubot_one/launch/localization_launch.py
[0.860s] -- Symlinking: /home/easz/articubot_one/install/articubot_one/share/articubot_one/launch/navigation_launch.py
[0.864s] -- Symlinking: /home/easz/articubot_one/install/articubot_one/share/articubot_one/launch/online_async_launch.py
[0.868s] -- Symlinking: /home/easz/articubot_one/install/articubot_one/share/articubot_one/launch/rplidar.launch.py
[0.871s] -- Symlinking: /home/easz/articubot_one/install/articubot_one/share/articubot_one/launch/rsp.launch.py
[0.875s] -- Symlinking: /home/easz/articubot_one/install/articubot_one/share/articubot_one/launch/simple_model_final_test.py
[0.878s] -- Symlinking: /home/easz/articubot_one/install/articubot_one/share/articubot_one/worlds/empty.world
[0.882s] -- Symlinking: /home/easz/articubot_one/install/articubot_one/share/articubot_one/worlds/final_test.world
[0.885s] -- Symlinking: /home/easz/articubot_one/install/articubot_one/share/articubot_one/worlds/obstacles.world
[0.889s] -- Symlinking: /home/easz/articubot_one/install/articubot_one/share/ament_index/resource_index/package_run_dependencies/articubot_one
[0.893s] -- Symlinking: /home/easz/articubot_one/install/articubot_one/share/ament_index/resource_index/parent_prefix_path/articubot_one
[0.896s] -- Symlinking: /home/easz/articubot_one/install/articubot_one/share/articubot_one/environment/ament_prefix_path.sh
[0.900s] -- Symlinking: /home/easz/articubot_one/install/articubot_one/share/articubot_one/environment/ament_prefix_path.dsv
[0.903s] -- Symlinking: /home/easz/articubot_one/install/articubot_one/share/articubot_one/environment/path.sh
[0.907s] -- Symlinking: /home/easz/articubot_one/install/articubot_one/share/articubot_one/environment/path.dsv
[0.911s] -- Symlinking: /home/easz/articubot_one/install/articubot_one/share/articubot_one/local_setup.bash
[0.915s] -- Symlinking: /home/easz/articubot_one/install/articubot_one/share/articubot_one/local_setup.sh
[0.918s] -- Symlinking: /home/easz/articubot_one/install/articubot_one/share/articubot_one/local_setup.zsh
[0.922s] -- Symlinking: /home/easz/articubot_one/install/articubot_one/share/articubot_one/local_setup.dsv
[0.926s] -- Symlinking: /home/easz/articubot_one/install/articubot_one/share/articubot_one/package.dsv
[0.929s] -- Symlinking: /home/easz/articubot_one/install/articubot_one/share/ament_index/resource_index/packages/articubot_one
[0.933s] -- Symlinking: /home/easz/articubot_one/install/articubot_one/share/articubot_one/cmake/articubot_oneConfig.cmake
[0.937s] -- Symlinking: /home/easz/articubot_one/install/articubot_one/share/articubot_one/cmake/articubot_oneConfig-version.cmake
[0.940s] -- Symlinking: /home/easz/articubot_one/install/articubot_one/share/articubot_one/package.xml
[0.945s] Invoked command in '/home/easz/articubot_one/build/articubot_one' returned '0': CMAKE_PREFIX_PATH=/home/easz/articubot_one/install/articubot_one:/opt/ros/foxy:/opt/ros/noetic CONDA_PROMPT_MODIFIER=(intel) /usr/bin/cmake --install /home/easz/articubot_one/build/articubot_one
