[14.015s] DEBUG:colcon:Command line arguments: ['/usr/bin/colcon', 'build']
[14.015s] DEBUG:colcon:Parsed command line arguments: Namespace(allow_overriding=[], ament_cmake_args=None, base_paths=['.'], build_base='build', catkin_cmake_args=None, catkin_skip_building_tests=False, cmake_args=None, cmake_clean_cache=False, cmake_clean_first=False, cmake_force_configure=False, cmake_target=None, cmake_target_skip_unavailable=False, continue_on_error=False, event_handlers=None, executor='parallel', ignore_user_meta=False, install_base='install', log_base=None, log_level=None, main=<bound method BuildVerb.main of <colcon_core.verb.build.BuildVerb object at 0x7f078dce8130>>, merge_install=False, metas=['./colcon.meta'], mixin=None, mixin_files=None, mixin_verb=('build',), packages_above=None, packages_above_and_dependencies=None, packages_above_depth=None, packages_end=None, packages_ignore=None, packages_ignore_regex=None, packages_select=None, packages_select_build_failed=False, packages_select_by_dep=None, packages_select_regex=None, packages_select_test_failures=False, packages_skip=None, packages_skip_build_finished=False, packages_skip_by_dep=None, packages_skip_regex=None, packages_skip_test_passed=False, packages_skip_up_to=None, packages_start=None, packages_up_to=None, packages_up_to_regex=None, parallel_workers=24, paths=None, symlink_install=False, test_result_base=None, verb_extension=<colcon_core.verb.build.BuildVerb object at 0x7f078dce8130>, verb_name='build', verb_parser=<colcon_mixin.mixin.mixin_argument.MixinArgumentDecorator object at 0x7f078dbc6670>)
[15.549s] Level 1:colcon.colcon_core.package_discovery:discover_packages(colcon_meta) check parameters
[15.550s] Level 1:colcon.colcon_core.package_discovery:discover_packages(recursive) check parameters
[15.550s] Level 1:colcon.colcon_core.package_discovery:discover_packages(ignore) check parameters
[15.550s] Level 1:colcon.colcon_core.package_discovery:discover_packages(path) check parameters
[15.550s] Level 1:colcon.colcon_core.package_discovery:discover_packages(colcon_meta) discover
[15.550s] Level 1:colcon.colcon_core.package_discovery:discover_packages(recursive) discover
[15.550s] INFO:colcon.colcon_core.package_discovery:Crawling recursively for packages in '/home/easz/articubot_one'
[15.550s] Level 1:colcon.colcon_core.package_identification:_identify(.) by extensions ['ignore', 'ignore_ament_install']
[15.551s] Level 1:colcon.colcon_core.package_identification:_identify(.) by extension 'ignore'
[15.551s] Level 1:colcon.colcon_core.package_identification:_identify(.) by extension 'ignore_ament_install'
[15.551s] Level 1:colcon.colcon_core.package_identification:_identify(.) by extensions ['colcon_pkg']
[15.551s] Level 1:colcon.colcon_core.package_identification:_identify(.) by extension 'colcon_pkg'
[15.551s] Level 1:colcon.colcon_core.package_identification:_identify(.) by extensions ['colcon_meta']
[15.551s] Level 1:colcon.colcon_core.package_identification:_identify(.) by extension 'colcon_meta'
[15.551s] Level 1:colcon.colcon_core.package_identification:_identify(.) by extensions ['ros']
[15.551s] Level 1:colcon.colcon_core.package_identification:_identify(.) by extension 'ros'
[15.704s] DEBUG:colcon.colcon_core.package_identification:Package '.' with type 'ros.ament_cmake' and name 'articubot_one'
[15.704s] Level 1:colcon.colcon_core.package_discovery:discover_packages(recursive) using defaults
[15.704s] Level 1:colcon.colcon_core.package_discovery:discover_packages(ignore) discover
[15.704s] Level 1:colcon.colcon_core.package_discovery:discover_packages(ignore) using defaults
[15.704s] Level 1:colcon.colcon_core.package_discovery:discover_packages(path) discover
[15.704s] Level 1:colcon.colcon_core.package_discovery:discover_packages(path) using defaults
[15.964s] Level 1:colcon.colcon_core.package_discovery:discover_packages(prefix_path) check parameters
[15.964s] Level 1:colcon.colcon_core.package_discovery:discover_packages(prefix_path) discover
[15.999s] Level 1:colcon.colcon_core.package_discovery:discover_packages(prefix_path) using defaults
[16.046s] Level 5:colcon.colcon_core.verb:set package 'articubot_one' build argument 'cmake_args' from command line to 'None'
[16.046s] Level 5:colcon.colcon_core.verb:set package 'articubot_one' build argument 'cmake_target' from command line to 'None'
[16.046s] Level 5:colcon.colcon_core.verb:set package 'articubot_one' build argument 'cmake_target_skip_unavailable' from command line to 'False'
[16.046s] Level 5:colcon.colcon_core.verb:set package 'articubot_one' build argument 'cmake_clean_cache' from command line to 'False'
[16.046s] Level 5:colcon.colcon_core.verb:set package 'articubot_one' build argument 'cmake_clean_first' from command line to 'False'
[16.046s] Level 5:colcon.colcon_core.verb:set package 'articubot_one' build argument 'cmake_force_configure' from command line to 'False'
[16.046s] Level 5:colcon.colcon_core.verb:set package 'articubot_one' build argument 'ament_cmake_args' from command line to 'None'
[16.046s] Level 5:colcon.colcon_core.verb:set package 'articubot_one' build argument 'catkin_cmake_args' from command line to 'None'
[16.046s] Level 5:colcon.colcon_core.verb:set package 'articubot_one' build argument 'catkin_skip_building_tests' from command line to 'False'
[16.046s] DEBUG:colcon.colcon_core.verb:Building package 'articubot_one' with the following arguments: {'ament_cmake_args': None, 'build_base': '/home/easz/articubot_one/build/articubot_one', 'catkin_cmake_args': None, 'catkin_skip_building_tests': False, 'cmake_args': None, 'cmake_clean_cache': False, 'cmake_clean_first': False, 'cmake_force_configure': False, 'cmake_target': None, 'cmake_target_skip_unavailable': False, 'install_base': '/home/easz/articubot_one/install/articubot_one', 'merge_install': False, 'path': '/home/easz/articubot_one', 'symlink_install': False, 'test_result_base': None}
[16.047s] INFO:colcon.colcon_core.executor:Executing jobs using 'parallel' executor
[16.048s] DEBUG:colcon.colcon_parallel_executor.executor.parallel:run_until_complete
[16.049s] INFO:colcon.colcon_ros.task.ament_cmake.build:Building ROS package in '/home/easz/articubot_one' with build type 'ament_cmake'
[16.049s] INFO:colcon.colcon_cmake.task.cmake.build:Building CMake package in '/home/easz/articubot_one'
[16.122s] INFO:colcon.colcon_core.plugin_system:Skipping extension 'colcon_core.shell.bat': Not used on non-Windows systems
[16.122s] INFO:colcon.colcon_core.shell:Skip shell extension 'powershell' for command environment: Not usable outside of PowerShell
[16.122s] DEBUG:colcon.colcon_core.shell:Skip shell extension 'dsv' for command environment
[16.123s] DEBUG:colcon.colcon_core.shell:Ignoring prefix path '/opt/ros/noetic'
[16.218s] DEBUG:colcon.colcon_core.event_handler.log_command:Invoking command in '/home/easz/articubot_one/build/articubot_one': /usr/bin/cmake --build /home/easz/articubot_one/build/articubot_one -- -j24 -l24
[18.390s] DEBUG:colcon.colcon_core.event_handler.log_command:Invoked command in '/home/easz/articubot_one/build/articubot_one' returned '0': /usr/bin/cmake --build /home/easz/articubot_one/build/articubot_one -- -j24 -l24
[18.426s] DEBUG:colcon.colcon_core.event_handler.log_command:Invoking command in '/home/easz/articubot_one/build/articubot_one': /usr/bin/cmake --install /home/easz/articubot_one/build/articubot_one
[18.470s] Level 1:colcon.colcon_core.environment:create_environment_scripts_only(articubot_one)
[18.470s] DEBUG:colcon.colcon_core.event_handler.log_command:Invoked command in '/home/easz/articubot_one/build/articubot_one' returned '0': /usr/bin/cmake --install /home/easz/articubot_one/build/articubot_one
[18.588s] Level 1:colcon.colcon_core.environment:checking '/home/easz/articubot_one/install/articubot_one' for CMake module files
[18.589s] Level 1:colcon.colcon_core.environment:checking '/home/easz/articubot_one/install/articubot_one' for CMake config files
[18.589s] Level 1:colcon.colcon_core.shell:create_environment_hook('articubot_one', 'cmake_prefix_path')
[18.590s] INFO:colcon.colcon_core.shell:Creating environment hook '/home/easz/articubot_one/install/articubot_one/share/articubot_one/hook/cmake_prefix_path.ps1'
[18.611s] INFO:colcon.colcon_core.shell:Creating environment descriptor '/home/easz/articubot_one/install/articubot_one/share/articubot_one/hook/cmake_prefix_path.dsv'
[18.629s] INFO:colcon.colcon_core.shell:Creating environment hook '/home/easz/articubot_one/install/articubot_one/share/articubot_one/hook/cmake_prefix_path.sh'
[18.631s] Level 1:colcon.colcon_core.environment:checking '/home/easz/articubot_one/install/articubot_one/bin'
[18.631s] Level 1:colcon.colcon_core.environment:checking '/home/easz/articubot_one/install/articubot_one/lib/pkgconfig/articubot_one.pc'
[18.639s] Level 1:colcon.colcon_core.environment:checking '/home/easz/articubot_one/install/articubot_one/lib/python3.8/site-packages'
[18.640s] Level 1:colcon.colcon_core.environment:checking '/home/easz/articubot_one/install/articubot_one/bin'
[18.640s] INFO:colcon.colcon_core.shell:Creating package script '/home/easz/articubot_one/install/articubot_one/share/articubot_one/package.ps1'
[18.669s] INFO:colcon.colcon_core.shell:Creating package descriptor '/home/easz/articubot_one/install/articubot_one/share/articubot_one/package.dsv'
[18.680s] INFO:colcon.colcon_core.shell:Creating package script '/home/easz/articubot_one/install/articubot_one/share/articubot_one/package.sh'
[18.697s] INFO:colcon.colcon_core.shell:Creating package script '/home/easz/articubot_one/install/articubot_one/share/articubot_one/package.bash'
[18.727s] INFO:colcon.colcon_core.shell:Creating package script '/home/easz/articubot_one/install/articubot_one/share/articubot_one/package.zsh'
[18.758s] Level 1:colcon.colcon_core.environment:create_file_with_runtime_dependencies(/home/easz/articubot_one/install/articubot_one/share/colcon-core/packages/articubot_one)
[18.777s] Level 1:colcon.colcon_core.environment:create_environment_scripts_only(articubot_one)
[18.778s] Level 1:colcon.colcon_core.environment:checking '/home/easz/articubot_one/install/articubot_one' for CMake module files
[18.779s] Level 1:colcon.colcon_core.environment:checking '/home/easz/articubot_one/install/articubot_one' for CMake config files
[18.779s] Level 1:colcon.colcon_core.shell:create_environment_hook('articubot_one', 'cmake_prefix_path')
[18.779s] INFO:colcon.colcon_core.shell:Creating environment hook '/home/easz/articubot_one/install/articubot_one/share/articubot_one/hook/cmake_prefix_path.ps1'
[18.780s] INFO:colcon.colcon_core.shell:Creating environment descriptor '/home/easz/articubot_one/install/articubot_one/share/articubot_one/hook/cmake_prefix_path.dsv'
[18.781s] INFO:colcon.colcon_core.shell:Creating environment hook '/home/easz/articubot_one/install/articubot_one/share/articubot_one/hook/cmake_prefix_path.sh'
[18.782s] Level 1:colcon.colcon_core.environment:checking '/home/easz/articubot_one/install/articubot_one/bin'
[18.782s] Level 1:colcon.colcon_core.environment:checking '/home/easz/articubot_one/install/articubot_one/lib/pkgconfig/articubot_one.pc'
[18.782s] Level 1:colcon.colcon_core.environment:checking '/home/easz/articubot_one/install/articubot_one/lib/python3.8/site-packages'
[18.783s] Level 1:colcon.colcon_core.environment:checking '/home/easz/articubot_one/install/articubot_one/bin'
[18.783s] INFO:colcon.colcon_core.shell:Creating package script '/home/easz/articubot_one/install/articubot_one/share/articubot_one/package.ps1'
[18.784s] INFO:colcon.colcon_core.shell:Creating package descriptor '/home/easz/articubot_one/install/articubot_one/share/articubot_one/package.dsv'
[18.785s] INFO:colcon.colcon_core.shell:Creating package script '/home/easz/articubot_one/install/articubot_one/share/articubot_one/package.sh'
[18.785s] INFO:colcon.colcon_core.shell:Creating package script '/home/easz/articubot_one/install/articubot_one/share/articubot_one/package.bash'
[18.786s] INFO:colcon.colcon_core.shell:Creating package script '/home/easz/articubot_one/install/articubot_one/share/articubot_one/package.zsh'
[18.787s] Level 1:colcon.colcon_core.environment:create_file_with_runtime_dependencies(/home/easz/articubot_one/install/articubot_one/share/colcon-core/packages/articubot_one)
[18.787s] DEBUG:colcon.colcon_parallel_executor.executor.parallel:closing loop
[18.787s] DEBUG:colcon.colcon_parallel_executor.executor.parallel:loop closed
[18.788s] DEBUG:colcon.colcon_parallel_executor.executor.parallel:run_until_complete finished with '0'
[18.788s] DEBUG:colcon.colcon_core.event_reactor:joining thread
[18.863s] INFO:colcon.colcon_core.plugin_system:Skipping extension 'colcon_notification.desktop_notification.terminal_notifier': Not used on non-Darwin systems
[18.863s] INFO:colcon.colcon_core.plugin_system:Skipping extension 'colcon_notification.desktop_notification.win32': Not used on non-Windows systems
[18.863s] INFO:colcon.colcon_notification.desktop_notification:Sending desktop notification using 'notify2'
[18.877s] DEBUG:colcon.colcon_core.event_reactor:joined thread
[18.878s] INFO:colcon.colcon_core.shell:Creating prefix script '/home/easz/articubot_one/install/local_setup.ps1'
[18.891s] INFO:colcon.colcon_core.shell:Creating prefix util module '/home/easz/articubot_one/install/_local_setup_util_ps1.py'
[18.914s] INFO:colcon.colcon_core.shell:Creating prefix chain script '/home/easz/articubot_one/install/setup.ps1'
[18.957s] INFO:colcon.colcon_core.shell:Creating prefix script '/home/easz/articubot_one/install/local_setup.sh'
[18.964s] INFO:colcon.colcon_core.shell:Creating prefix util module '/home/easz/articubot_one/install/_local_setup_util_sh.py'
[18.965s] INFO:colcon.colcon_core.shell:Creating prefix chain script '/home/easz/articubot_one/install/setup.sh'
[18.966s] INFO:colcon.colcon_core.shell:Creating prefix script '/home/easz/articubot_one/install/local_setup.bash'
[19.007s] INFO:colcon.colcon_core.shell:Creating prefix chain script '/home/easz/articubot_one/install/setup.bash'
[19.029s] INFO:colcon.colcon_core.shell:Creating prefix script '/home/easz/articubot_one/install/local_setup.zsh'
[19.029s] INFO:colcon.colcon_core.shell:Creating prefix chain script '/home/easz/articubot_one/install/setup.zsh'
