[0.005s] Invoking command in '/home/easz/articubot_one/build/articubot_one': CMAKE_PREFIX_PATH=/opt/ros/foxy /usr/bin/cmake /home/easz/articubot_one -DCMAKE_INSTALL_PREFIX=/home/easz/articubot_one/install/articubot_one
[0.012s] -- Found ament_cmake: 0.9.12 (/opt/ros/foxy/share/ament_cmake/cmake)
[0.022s] -- Using PYTHON_EXECUTABLE: /usr/bin/python3
[0.096s] -- Override CMake install command with custom implementation using symlinks instead of copying resources
[0.099s] -- Found ament_lint_auto: 0.9.8 (/opt/ros/foxy/share/ament_lint_auto/cmake)
[0.129s] -- Added test 'copyright' to check source files copyright and LICENSE
[0.137s] -- Added test 'cppcheck' to perform static code analysis on C / C++ code
[0.137s] -- Configured cppcheck include dirs: 
[0.137s] -- Configured cppcheck exclude dirs and/or files: 
[0.146s] -- Added test 'cpplint' to check C / C++ code against the Google style
[0.146s] -- Configured cpplint exclude dirs and/or files: 
[0.147s] -- Added test 'flake8' to check Python code syntax and style conventions
[0.149s] -- Added test 'lint_cmake' to check CMake code style
[0.150s] -- Added test 'pep257' to check Python code against some of the style conventions in PEP 257
[0.158s] -- Added test 'uncrustify' to check C / C++ code style
[0.158s] -- Configured uncrustify additional arguments: 
[0.159s] -- Added test 'xmllint' to check XML markup files
[0.160s] -- Configuring done
[0.161s] -- Generating done
[0.161s] -- Build files have been written to: /home/easz/articubot_one/build/articubot_one
[0.162s] Invoked command in '/home/easz/articubot_one/build/articubot_one' returned '0': CMAKE_PREFIX_PATH=/opt/ros/foxy /usr/bin/cmake /home/easz/articubot_one -DCMAKE_INSTALL_PREFIX=/home/easz/articubot_one/install/articubot_one
[0.163s] Invoking command in '/home/easz/articubot_one/build/articubot_one': CMAKE_PREFIX_PATH=/opt/ros/foxy /usr/bin/cmake --build /home/easz/articubot_one/build/articubot_one -- -j24 -l24
[0.181s] Invoked command in '/home/easz/articubot_one/build/articubot_one' returned '0': CMAKE_PREFIX_PATH=/opt/ros/foxy /usr/bin/cmake --build /home/easz/articubot_one/build/articubot_one -- -j24 -l24
[0.195s] Invoking command in '/home/easz/articubot_one/build/articubot_one': CMAKE_PREFIX_PATH=/opt/ros/foxy /usr/bin/cmake --install /home/easz/articubot_one/build/articubot_one
[0.198s] -- Install configuration: ""
[0.198s] -- Execute custom install script
[0.199s] -- Up-to-date symlink: /home/easz/articubot_one/install/articubot_one/share/articubot_one/config/ball_tracker_params_robot.yaml
[0.199s] -- Up-to-date symlink: /home/easz/articubot_one/install/articubot_one/share/articubot_one/config/ball_tracker_params_sim.yaml
[0.199s] -- Up-to-date symlink: /home/easz/articubot_one/install/articubot_one/share/articubot_one/config/drive_bot.rviz
[0.199s] -- Up-to-date symlink: /home/easz/articubot_one/install/articubot_one/share/articubot_one/config/empty.yaml
[0.199s] -- Up-to-date symlink: /home/easz/articubot_one/install/articubot_one/share/articubot_one/config/gaz_ros2_ctl_use_sim.yaml
[0.199s] -- Up-to-date symlink: /home/easz/articubot_one/install/articubot_one/share/articubot_one/config/gazebo_params.yaml
[0.199s] -- Up-to-date symlink: /home/easz/articubot_one/install/articubot_one/share/articubot_one/config/joystick.yaml
[0.199s] -- Up-to-date symlink: /home/easz/articubot_one/install/articubot_one/share/articubot_one/config/main.rviz
[0.199s] -- Up-to-date symlink: /home/easz/articubot_one/install/articubot_one/share/articubot_one/config/map.rviz
[0.199s] -- Up-to-date symlink: /home/easz/articubot_one/install/articubot_one/share/articubot_one/config/mapper_params_online_async.yaml
[0.199s] -- Up-to-date symlink: /home/easz/articubot_one/install/articubot_one/share/articubot_one/config/my_controllers.yaml
[0.199s] -- Up-to-date symlink: /home/easz/articubot_one/install/articubot_one/share/articubot_one/config/nav2_params.yaml
[0.199s] -- Up-to-date symlink: /home/easz/articubot_one/install/articubot_one/share/articubot_one/config/twist_mux.yaml
[0.199s] -- Up-to-date symlink: /home/easz/articubot_one/install/articubot_one/share/articubot_one/config/view_bot.rviz
[0.200s] -- Up-to-date symlink: /home/easz/articubot_one/install/articubot_one/share/articubot_one/description/camera.xacro
[0.200s] -- Up-to-date symlink: /home/easz/articubot_one/install/articubot_one/share/articubot_one/description/depth_camera.xacro
[0.200s] -- Up-to-date symlink: /home/easz/articubot_one/install/articubot_one/share/articubot_one/description/face.xacro
[0.200s] -- Up-to-date symlink: /home/easz/articubot_one/install/articubot_one/share/articubot_one/description/gazebo_control.xacro
[0.200s] -- Up-to-date symlink: /home/easz/articubot_one/install/articubot_one/share/articubot_one/description/inertial_macros.xacro
[0.200s] -- Up-to-date symlink: /home/easz/articubot_one/install/articubot_one/share/articubot_one/description/lidar.xacro
[0.200s] -- Up-to-date symlink: /home/easz/articubot_one/install/articubot_one/share/articubot_one/description/robot.urdf.xacro
[0.200s] -- Up-to-date symlink: /home/easz/articubot_one/install/articubot_one/share/articubot_one/description/robot_core.xacro
[0.200s] -- Up-to-date symlink: /home/easz/articubot_one/install/articubot_one/share/articubot_one/description/ros2_control.xacro
[0.200s] -- Up-to-date symlink: /home/easz/articubot_one/install/articubot_one/share/articubot_one/description/your_robot.urdf
[0.200s] -- Up-to-date symlink: /home/easz/articubot_one/install/articubot_one/share/articubot_one/launch/__pycache__/final_test_env.cpython-310.pyc
[0.200s] -- Up-to-date symlink: /home/easz/articubot_one/install/articubot_one/share/articubot_one/launch/__pycache__/final_test_env.cpython-38.pyc
[0.200s] -- Up-to-date symlink: /home/easz/articubot_one/install/articubot_one/share/articubot_one/launch/ball_tracker.launch.py
[0.200s] -- Up-to-date symlink: /home/easz/articubot_one/install/articubot_one/share/articubot_one/launch/camera.launch.py
[0.200s] -- Up-to-date symlink: /home/easz/articubot_one/install/articubot_one/share/articubot_one/launch/final_test_env.py
[0.200s] -- Up-to-date symlink: /home/easz/articubot_one/install/articubot_one/share/articubot_one/launch/joystick.launch.py
[0.200s] -- Up-to-date symlink: /home/easz/articubot_one/install/articubot_one/share/articubot_one/launch/launch_robot.launch.py
[0.200s] -- Up-to-date symlink: /home/easz/articubot_one/install/articubot_one/share/articubot_one/launch/launch_sim.launch.py
[0.201s] -- Up-to-date symlink: /home/easz/articubot_one/install/articubot_one/share/articubot_one/launch/localization_launch.py
[0.201s] -- Up-to-date symlink: /home/easz/articubot_one/install/articubot_one/share/articubot_one/launch/navigation_launch.py
[0.201s] -- Up-to-date symlink: /home/easz/articubot_one/install/articubot_one/share/articubot_one/launch/online_async_launch.py
[0.201s] -- Up-to-date symlink: /home/easz/articubot_one/install/articubot_one/share/articubot_one/launch/rplidar.launch.py
[0.201s] -- Up-to-date symlink: /home/easz/articubot_one/install/articubot_one/share/articubot_one/launch/rsp.launch.py
[0.201s] -- Up-to-date symlink: /home/easz/articubot_one/install/articubot_one/share/articubot_one/launch/simple_model_final_test.py
[0.201s] -- Up-to-date symlink: /home/easz/articubot_one/install/articubot_one/share/articubot_one/worlds/empty.world
[0.201s] -- Up-to-date symlink: /home/easz/articubot_one/install/articubot_one/share/articubot_one/worlds/final_test.world
[0.201s] -- Up-to-date symlink: /home/easz/articubot_one/install/articubot_one/share/articubot_one/worlds/obstacles.world
[0.201s] -- Up-to-date symlink: /home/easz/articubot_one/install/articubot_one/share/ament_index/resource_index/package_run_dependencies/articubot_one
[0.201s] -- Up-to-date symlink: /home/easz/articubot_one/install/articubot_one/share/ament_index/resource_index/parent_prefix_path/articubot_one
[0.201s] -- Up-to-date symlink: /home/easz/articubot_one/install/articubot_one/share/articubot_one/environment/ament_prefix_path.sh
[0.201s] -- Up-to-date symlink: /home/easz/articubot_one/install/articubot_one/share/articubot_one/environment/ament_prefix_path.dsv
[0.201s] -- Up-to-date symlink: /home/easz/articubot_one/install/articubot_one/share/articubot_one/environment/path.sh
[0.202s] -- Up-to-date symlink: /home/easz/articubot_one/install/articubot_one/share/articubot_one/environment/path.dsv
[0.202s] -- Up-to-date symlink: /home/easz/articubot_one/install/articubot_one/share/articubot_one/local_setup.bash
[0.202s] -- Up-to-date symlink: /home/easz/articubot_one/install/articubot_one/share/articubot_one/local_setup.sh
[0.202s] -- Up-to-date symlink: /home/easz/articubot_one/install/articubot_one/share/articubot_one/local_setup.zsh
[0.202s] -- Up-to-date symlink: /home/easz/articubot_one/install/articubot_one/share/articubot_one/local_setup.dsv
[0.202s] -- Symlinking: /home/easz/articubot_one/install/articubot_one/share/articubot_one/package.dsv
[0.206s] -- Up-to-date symlink: /home/easz/articubot_one/install/articubot_one/share/ament_index/resource_index/packages/articubot_one
[0.206s] -- Up-to-date symlink: /home/easz/articubot_one/install/articubot_one/share/articubot_one/cmake/articubot_oneConfig.cmake
[0.206s] -- Up-to-date symlink: /home/easz/articubot_one/install/articubot_one/share/articubot_one/cmake/articubot_oneConfig-version.cmake
[0.206s] -- Up-to-date symlink: /home/easz/articubot_one/install/articubot_one/share/articubot_one/package.xml
[0.207s] Invoked command in '/home/easz/articubot_one/build/articubot_one' returned '0': CMAKE_PREFIX_PATH=/opt/ros/foxy /usr/bin/cmake --install /home/easz/articubot_one/build/articubot_one
