[0.167s] Invoking command in '/home/easz/articubot_one/build/articubot_one': /usr/bin/cmake --build /home/easz/articubot_one/build/articubot_one -- -j24 -l24
[2.339s] Invoked command in '/home/easz/articubot_one/build/articubot_one' returned '0': /usr/bin/cmake --build /home/easz/articubot_one/build/articubot_one -- -j24 -l24
[2.375s] Invoking command in '/home/easz/articubot_one/build/articubot_one': /usr/bin/cmake --install /home/easz/articubot_one/build/articubot_one
[2.411s] -- Install configuration: ""
[2.411s] -- Up-to-date: /home/easz/articubot_one/install/articubot_one/share/articubot_one/config
[2.412s] -- Up-to-date: /home/easz/articubot_one/install/articubot_one/share/articubot_one/config/joystick.yaml
[2.412s] -- Up-to-date: /home/easz/articubot_one/install/articubot_one/share/articubot_one/config/empty.yaml
[2.412s] -- Up-to-date: /home/easz/articubot_one/install/articubot_one/share/articubot_one/config/view_bot.rviz
[2.412s] -- Up-to-date: /home/easz/articubot_one/install/articubot_one/share/articubot_one/config/gazebo_params.yaml
[2.412s] -- Up-to-date: /home/easz/articubot_one/install/articubot_one/share/articubot_one/config/gaz_ros2_ctl_use_sim.yaml
[2.412s] -- Up-to-date: /home/easz/articubot_one/install/articubot_one/share/articubot_one/config/twist_mux.yaml
[2.412s] -- Up-to-date: /home/easz/articubot_one/install/articubot_one/share/articubot_one/config/ball_tracker_params_robot.yaml
[2.413s] -- Up-to-date: /home/easz/articubot_one/install/articubot_one/share/articubot_one/config/drive_bot.rviz
[2.413s] -- Up-to-date: /home/easz/articubot_one/install/articubot_one/share/articubot_one/config/mapper_params_online_async.yaml
[2.413s] -- Up-to-date: /home/easz/articubot_one/install/articubot_one/share/articubot_one/config/ball_tracker_params_sim.yaml
[2.413s] -- Up-to-date: /home/easz/articubot_one/install/articubot_one/share/articubot_one/config/main.rviz
[2.413s] -- Up-to-date: /home/easz/articubot_one/install/articubot_one/share/articubot_one/config/nav2_params.yaml
[2.413s] -- Up-to-date: /home/easz/articubot_one/install/articubot_one/share/articubot_one/config/my_controllers.yaml
[2.414s] -- Up-to-date: /home/easz/articubot_one/install/articubot_one/share/articubot_one/config/map.rviz
[2.414s] -- Up-to-date: /home/easz/articubot_one/install/articubot_one/share/articubot_one/description
[2.414s] -- Up-to-date: /home/easz/articubot_one/install/articubot_one/share/articubot_one/description/camera.xacro
[2.414s] -- Up-to-date: /home/easz/articubot_one/install/articubot_one/share/articubot_one/description/ros2_control.xacro
[2.414s] -- Up-to-date: /home/easz/articubot_one/install/articubot_one/share/articubot_one/description/gazebo_control.xacro
[2.414s] -- Up-to-date: /home/easz/articubot_one/install/articubot_one/share/articubot_one/description/inertial_macros.xacro
[2.414s] -- Up-to-date: /home/easz/articubot_one/install/articubot_one/share/articubot_one/description/robot.urdf.xacro
[2.414s] -- Up-to-date: /home/easz/articubot_one/install/articubot_one/share/articubot_one/description/face.xacro
[2.414s] -- Up-to-date: /home/easz/articubot_one/install/articubot_one/share/articubot_one/description/depth_camera.xacro
[2.414s] -- Up-to-date: /home/easz/articubot_one/install/articubot_one/share/articubot_one/description/lidar.xacro
[2.415s] -- Up-to-date: /home/easz/articubot_one/install/articubot_one/share/articubot_one/description/robot_core.xacro
[2.415s] -- Up-to-date: /home/easz/articubot_one/install/articubot_one/share/articubot_one/launch
[2.415s] -- Up-to-date: /home/easz/articubot_one/install/articubot_one/share/articubot_one/launch/navigation_launch.py
[2.415s] -- Up-to-date: /home/easz/articubot_one/install/articubot_one/share/articubot_one/launch/online_async_launch.py
[2.415s] -- Up-to-date: /home/easz/articubot_one/install/articubot_one/share/articubot_one/launch/rsp.launch.py
[2.415s] -- Up-to-date: /home/easz/articubot_one/install/articubot_one/share/articubot_one/launch/launch_robot.launch.py
[2.415s] -- Up-to-date: /home/easz/articubot_one/install/articubot_one/share/articubot_one/launch/rplidar.launch.py
[2.415s] -- Up-to-date: /home/easz/articubot_one/install/articubot_one/share/articubot_one/launch/camera.launch.py
[2.415s] -- Up-to-date: /home/easz/articubot_one/install/articubot_one/share/articubot_one/launch/localization_launch.py
[2.415s] -- Up-to-date: /home/easz/articubot_one/install/articubot_one/share/articubot_one/launch/launch_sim.launch.py
[2.416s] -- Up-to-date: /home/easz/articubot_one/install/articubot_one/share/articubot_one/launch/joystick.launch.py
[2.416s] -- Up-to-date: /home/easz/articubot_one/install/articubot_one/share/articubot_one/launch/ball_tracker.launch.py
[2.416s] -- Up-to-date: /home/easz/articubot_one/install/articubot_one/share/articubot_one/worlds
[2.416s] -- Up-to-date: /home/easz/articubot_one/install/articubot_one/share/articubot_one/worlds/obstacles.world
[2.416s] -- Up-to-date: /home/easz/articubot_one/install/articubot_one/share/articubot_one/worlds/empty.world
[2.416s] -- Up-to-date: /home/easz/articubot_one/install/articubot_one/share/articubot_one/worlds/final_test.world
[2.416s] -- Up-to-date: /home/easz/articubot_one/install/articubot_one/share/ament_index/resource_index/package_run_dependencies/articubot_one
[2.416s] -- Up-to-date: /home/easz/articubot_one/install/articubot_one/share/ament_index/resource_index/parent_prefix_path/articubot_one
[2.416s] -- Up-to-date: /home/easz/articubot_one/install/articubot_one/share/articubot_one/environment/ament_prefix_path.sh
[2.416s] -- Up-to-date: /home/easz/articubot_one/install/articubot_one/share/articubot_one/environment/ament_prefix_path.dsv
[2.417s] -- Up-to-date: /home/easz/articubot_one/install/articubot_one/share/articubot_one/environment/path.sh
[2.417s] -- Up-to-date: /home/easz/articubot_one/install/articubot_one/share/articubot_one/environment/path.dsv
[2.417s] -- Up-to-date: /home/easz/articubot_one/install/articubot_one/share/articubot_one/local_setup.bash
[2.417s] -- Up-to-date: /home/easz/articubot_one/install/articubot_one/share/articubot_one/local_setup.sh
[2.417s] -- Up-to-date: /home/easz/articubot_one/install/articubot_one/share/articubot_one/local_setup.zsh
[2.417s] -- Up-to-date: /home/easz/articubot_one/install/articubot_one/share/articubot_one/local_setup.dsv
[2.417s] -- Installing: /home/easz/articubot_one/install/articubot_one/share/articubot_one/package.dsv
[2.419s] -- Up-to-date: /home/easz/articubot_one/install/articubot_one/share/ament_index/resource_index/packages/articubot_one
[2.419s] -- Up-to-date: /home/easz/articubot_one/install/articubot_one/share/articubot_one/cmake/articubot_oneConfig.cmake
[2.419s] -- Up-to-date: /home/easz/articubot_one/install/articubot_one/share/articubot_one/cmake/articubot_oneConfig-version.cmake
[2.419s] -- Up-to-date: /home/easz/articubot_one/install/articubot_one/share/articubot_one/package.xml
[2.420s] Invoked command in '/home/easz/articubot_one/build/articubot_one' returned '0': /usr/bin/cmake --install /home/easz/articubot_one/build/articubot_one
